<?xml version="1.0" encoding="UTF-8"?>
<!-- Generated by org.testng.reporters.JUnitXMLReporter -->
<testsuite hostname="SAJIDs-MBP.fios-router.home" ignored="5" tests="0" failures="0" timestamp="2021-05-26T06:48:14 EDT" time="0.009" errors="0">
  <testcase name="trackingTest" time="0.0" classname="groupingTests.GroupingTest1">
    <ignored/>
  </testcase> <!-- trackingTest -->
  <testcase name="productTest" time="0.0" classname="groupingTests.GroupingTest1">
    <ignored/>
  </testcase> <!-- productTest -->
  <testcase name="featuresTest" time="0.0" classname="groupingTests.GroupingTest1">
    <ignored/>
  </testcase> <!-- featuresTest -->
  <testcase name="checkoutTest" time="0.0" classname="groupingTests.GroupingTest1">
    <ignored/>
  </testcase> <!-- checkoutTest -->
  <testcase name="loginTest" time="0.0" classname="groupingTests.GroupingTest1">
    <ignored/>
  </testcase> <!-- loginTest -->
</testsuite>
