<?xml version="1.0" encoding="UTF-8"?>
<!-- Generated by org.testng.reporters.JUnitXMLReporter -->
<testsuite hostname="SAJIDs-MBP.fios-router.home" ignored="5" tests="0" failures="0" timestamp="2021-05-26T05:07:13 EDT" time="0.007" errors="0">
  <testcase name="loginTest" time="0.0" classname="groupingTests.GroupingTest3">
    <ignored/>
  </testcase> <!-- loginTest -->
  <testcase name="productTest" time="0.0" classname="groupingTests.GroupingTest3">
    <ignored/>
  </testcase> <!-- productTest -->
  <testcase name="checkoutTest" time="0.0" classname="groupingTests.GroupingTest3">
    <ignored/>
  </testcase> <!-- checkoutTest -->
  <testcase name="featuresTest" time="0.0" classname="groupingTests.GroupingTest3">
    <ignored/>
  </testcase> <!-- featuresTest -->
  <testcase name="trackingTest" time="0.0" classname="groupingTests.GroupingTest3">
    <ignored/>
  </testcase> <!-- trackingTest -->
</testsuite>
